<?xml version="1.0" encoding="UTF-8"?>
<!-- Generated by org.testng.reporters.JUnitXMLReporter -->
<testsuite hostname="pi3002" ignored="0" name="Surefire test" tests="3" failures="0" timestamp="19 Apr 2019 18:29:28 GMT" time="0.034" errors="0">
  <testcase name="GetMaxPostIdFromUser on GetMaxPostIdFromUser(IPF_Ex.TestSuite2)" time="0.008" classname="IPF_Ex.TestSuite2"/>
  <testcase name="CreateCommentForPost on CreateCommentForPost(IPF_Ex.TestSuite2)" time="0.008" classname="IPF_Ex.TestSuite2"/>
  <testcase name="GetMaxUserId on GetMaxUserId(IPF_Ex.TestSuite2)" time="0.008" classname="IPF_Ex.TestSuite2"/>
</testsuite> <!-- Surefire test -->
